  Game.cpp
C:\Users\SKIKK\Desktop\Educations\HKU\Jaar 4\Exchange Uppsala\API Design & Best Practices\Refactor Assignment\ClaudiusBase_Snake\Claudius\Game.cpp(17,23): warning C4458: declaration of 'width' hides class member
C:\Users\SKIKK\Desktop\Educations\HKU\Jaar 4\Exchange Uppsala\API Design & Best Practices\Refactor Assignment\ClaudiusBase_Snake\Claudius\Game.h(30,6): message : see declaration of 'Game::width'
C:\Users\SKIKK\Desktop\Educations\HKU\Jaar 4\Exchange Uppsala\API Design & Best Practices\Refactor Assignment\ClaudiusBase_Snake\Claudius\Game.cpp(17,35): warning C4458: declaration of 'height' hides class member
C:\Users\SKIKK\Desktop\Educations\HKU\Jaar 4\Exchange Uppsala\API Design & Best Practices\Refactor Assignment\ClaudiusBase_Snake\Claudius\Game.h(31,6): message : see declaration of 'Game::height'
C:\Users\SKIKK\Desktop\Educations\HKU\Jaar 4\Exchange Uppsala\API Design & Best Practices\Refactor Assignment\ClaudiusBase_Snake\Claudius\Game.cpp(94,32): warning C4100: 'key': unreferenced formal parameter
  Claudius.vcxproj -> C:\Users\SKIKK\Desktop\Educations\HKU\Jaar 4\Exchange Uppsala\API Design & Best Practices\Refactor Assignment\ClaudiusBase_Snake\Build\x64\Debug\Claudius.exe
C:\Users\SKIKK\Desktop\Educations\HKU\Jaar 4\Exchange Uppsala\API Design & Best Practices\Refactor Assignment\ClaudiusBase_Snake\Claudius\Apple.cpp(8): warning C26455: Default constructor may not throw. Declare it 'noexcept' (f.6).
C:\Users\SKIKK\Desktop\Educations\HKU\Jaar 4\Exchange Uppsala\API Design & Best Practices\Refactor Assignment\ClaudiusBase_Snake\Claudius\Game.cpp(13): warning C26432: If you define or delete any default operation in the type 'class Game', define or delete them all (c.21).
C:\Users\SKIKK\Desktop\Educations\HKU\Jaar 4\Exchange Uppsala\API Design & Best Practices\Refactor Assignment\ClaudiusBase_Snake\Claudius\Game.cpp(40): warning C26446: Prefer to use gsl::at() instead of unchecked subscript operator (bounds.4).
C:\Users\SKIKK\Desktop\Educations\HKU\Jaar 4\Exchange Uppsala\API Design & Best Practices\Refactor Assignment\ClaudiusBase_Snake\Claudius\Game.cpp(94): warning C26440: Function 'Game::OnKeyUp' can be declared 'noexcept' (f.6).
C:\Users\SKIKK\Desktop\Educations\HKU\Jaar 4\Exchange Uppsala\API Design & Best Practices\Refactor Assignment\ClaudiusBase_Snake\Claudius\Image.cpp(3): warning C26455: Default constructor may not throw. Declare it 'noexcept' (f.6).
C:\Users\SKIKK\Desktop\Educations\HKU\Jaar 4\Exchange Uppsala\API Design & Best Practices\Refactor Assignment\ClaudiusBase_Snake\Claudius\Image.cpp(7): warning C26432: If you define or delete any default operation in the type 'struct Image', define or delete them all (c.21).
C:\Users\SKIKK\Desktop\Educations\HKU\Jaar 4\Exchange Uppsala\API Design & Best Practices\Refactor Assignment\ClaudiusBase_Snake\Claudius\Image.cpp(7): warning C26440: Function 'Image::Image' can be declared 'noexcept' (f.6).
C:\Users\SKIKK\Desktop\Educations\HKU\Jaar 4\Exchange Uppsala\API Design & Best Practices\Refactor Assignment\ClaudiusBase_Snake\Claudius\Image.cpp(11): warning C26440: Function 'Image::Image' can be declared 'noexcept' (f.6).
C:\Users\SKIKK\Desktop\Educations\HKU\Jaar 4\Exchange Uppsala\API Design & Best Practices\Refactor Assignment\ClaudiusBase_Snake\Claudius\Image.cpp(15): warning C26440: Function 'Image::GetID' can be declared 'noexcept' (f.6).
C:\Users\SKIKK\Desktop\Educations\HKU\Jaar 4\Exchange Uppsala\API Design & Best Practices\Refactor Assignment\ClaudiusBase_Snake\Claudius\Image.cpp(20): warning C26440: Function 'Image::GetWidth' can be declared 'noexcept' (f.6).
C:\Users\SKIKK\Desktop\Educations\HKU\Jaar 4\Exchange Uppsala\API Design & Best Practices\Refactor Assignment\ClaudiusBase_Snake\Claudius\Image.cpp(25): warning C26440: Function 'Image::GetHeight' can be declared 'noexcept' (f.6).
C:\Users\SKIKK\Desktop\Educations\HKU\Jaar 4\Exchange Uppsala\API Design & Best Practices\Refactor Assignment\ClaudiusBase_Snake\Claudius\ResourceManager.h(11): warning C26440: Function 'ResourceManager::ResourceManager' can be declared 'noexcept' (f.6).
C:\Users\SKIKK\Desktop\Educations\HKU\Jaar 4\Exchange Uppsala\API Design & Best Practices\Refactor Assignment\ClaudiusBase_Snake\Claudius\ResourceManager.h(12): warning C26432: If you define or delete any default operation in the type 'struct ResourceManager', define or delete them all (c.21).
C:\Users\SKIKK\Desktop\Educations\HKU\Jaar 4\Exchange Uppsala\API Design & Best Practices\Refactor Assignment\ClaudiusBase_Snake\Claudius\main.cpp(45): warning C26496: The variable 'dt' does not change after construction, mark it as const (con.4).
C:\Users\SKIKK\Desktop\Educations\HKU\Jaar 4\Exchange Uppsala\API Design & Best Practices\Refactor Assignment\ClaudiusBase_Snake\Claudius\main.cpp(51): warning C26818: Switch statement does not cover all cases. Consider adding a 'default' label (es.79).
C:\Users\SKIKK\Desktop\Educations\HKU\Jaar 4\Exchange Uppsala\API Design & Best Practices\Refactor Assignment\ClaudiusBase_Snake\Claudius\main.cpp(71): warning C26472: Don't use a static_cast for arithmetic conversions. Use brace initialization, gsl::narrow_cast or gsl::narrow (type.1).
C:\Users\SKIKK\Desktop\Educations\HKU\Jaar 4\Exchange Uppsala\API Design & Best Practices\Refactor Assignment\ClaudiusBase_Snake\Claudius\main.cpp(72): warning C26472: Don't use a static_cast for arithmetic conversions. Use brace initialization, gsl::narrow_cast or gsl::narrow (type.1).
C:\Users\SKIKK\Desktop\Educations\HKU\Jaar 4\Exchange Uppsala\API Design & Best Practices\Refactor Assignment\ClaudiusBase_Snake\Claudius\RenderManager.cpp(13): warning C26440: Function 'RenderManager::Clear' can be declared 'noexcept' (f.6).
C:\Users\SKIKK\Desktop\Educations\HKU\Jaar 4\Exchange Uppsala\API Design & Best Practices\Refactor Assignment\ClaudiusBase_Snake\Claudius\ResourceImpl.cpp(3): warning C26440: Function 'ResourceImpl::ResourceImpl' can be declared 'noexcept' (f.6).
C:\Users\SKIKK\Desktop\Educations\HKU\Jaar 4\Exchange Uppsala\API Design & Best Practices\Refactor Assignment\ClaudiusBase_Snake\Claudius\ResourceImpl.cpp(10): warning C26446: Prefer to use gsl::at() instead of unchecked subscript operator (bounds.4).
C:\Users\SKIKK\Desktop\Educations\HKU\Jaar 4\Exchange Uppsala\API Design & Best Practices\Refactor Assignment\ClaudiusBase_Snake\Claudius\ResourceImpl.cpp(7): warning C26440: Function 'ResourceImpl::GetTexture' can be declared 'noexcept' (f.6).
C:\Users\SKIKK\Desktop\Educations\HKU\Jaar 4\Exchange Uppsala\API Design & Best Practices\Refactor Assignment\ClaudiusBase_Snake\Claudius\ResourceManager.cpp(24): warning C26472: Don't use a static_cast for arithmetic conversions. Use brace initialization, gsl::narrow_cast or gsl::narrow (type.1).
C:\Users\SKIKK\Desktop\Educations\HKU\Jaar 4\Exchange Uppsala\API Design & Best Practices\Refactor Assignment\ClaudiusBase_Snake\Claudius\Sprite.cpp(3): warning C26455: Default constructor may not throw. Declare it 'noexcept' (f.6).
C:\Users\SKIKK\Desktop\Educations\HKU\Jaar 4\Exchange Uppsala\API Design & Best Practices\Refactor Assignment\ClaudiusBase_Snake\Claudius\Sprite.cpp(7): warning C26432: If you define or delete any default operation in the type 'struct Sprite', define or delete them all (c.21).
C:\Users\SKIKK\Desktop\Educations\HKU\Jaar 4\Exchange Uppsala\API Design & Best Practices\Refactor Assignment\ClaudiusBase_Snake\Claudius\Sprite.cpp(7): warning C26440: Function 'Sprite::Sprite' can be declared 'noexcept' (f.6).
C:\Users\SKIKK\Desktop\Educations\HKU\Jaar 4\Exchange Uppsala\API Design & Best Practices\Refactor Assignment\ClaudiusBase_Snake\Claudius\Sprite.cpp(11): warning C26440: Function 'Sprite::Sprite' can be declared 'noexcept' (f.6).
C:\Users\SKIKK\Desktop\Educations\HKU\Jaar 4\Exchange Uppsala\API Design & Best Practices\Refactor Assignment\ClaudiusBase_Snake\Claudius\Sprite.cpp(18): warning C26440: Function 'Sprite::Sprite' can be declared 'noexcept' (f.6).
C:\Users\SKIKK\Desktop\Educations\HKU\Jaar 4\Exchange Uppsala\API Design & Best Practices\Refactor Assignment\ClaudiusBase_Snake\Claudius\Sprite.cpp(22): warning C26440: Function 'Sprite::Sprite' can be declared 'noexcept' (f.6).
C:\Users\SKIKK\Desktop\Educations\HKU\Jaar 4\Exchange Uppsala\API Design & Best Practices\Refactor Assignment\ClaudiusBase_Snake\Claudius\Sprite.cpp(29): warning C26440: Function 'Sprite::Sprite' can be declared 'noexcept' (f.6).
C:\Users\SKIKK\Desktop\Educations\HKU\Jaar 4\Exchange Uppsala\API Design & Best Practices\Refactor Assignment\ClaudiusBase_Snake\Claudius\Sprite.cpp(36): warning C26440: Function 'Sprite::Sprite' can be declared 'noexcept' (f.6).
C:\Users\SKIKK\Desktop\Educations\HKU\Jaar 4\Exchange Uppsala\API Design & Best Practices\Refactor Assignment\ClaudiusBase_Snake\Claudius\Sprite.cpp(43): warning C26460: The reference argument 'image' for function 'Sprite::SetImage' can be marked as const (con.3).
C:\Users\SKIKK\Desktop\Educations\HKU\Jaar 4\Exchange Uppsala\API Design & Best Practices\Refactor Assignment\ClaudiusBase_Snake\Claudius\Sprite.cpp(43): warning C26440: Function 'Sprite::SetImage' can be declared 'noexcept' (f.6).
C:\Users\SKIKK\Desktop\Educations\HKU\Jaar 4\Exchange Uppsala\API Design & Best Practices\Refactor Assignment\ClaudiusBase_Snake\Claudius\Sprite.cpp(48): warning C26440: Function 'Sprite::SetSource' can be declared 'noexcept' (f.6).
C:\Users\SKIKK\Desktop\Educations\HKU\Jaar 4\Exchange Uppsala\API Design & Best Practices\Refactor Assignment\ClaudiusBase_Snake\Claudius\Sprite.cpp(53): warning C26440: Function 'Sprite::SetColor' can be declared 'noexcept' (f.6).
C:\Users\SKIKK\Desktop\Educations\HKU\Jaar 4\Exchange Uppsala\API Design & Best Practices\Refactor Assignment\ClaudiusBase_Snake\Claudius\Vector2.cpp(4): warning C26455: Default constructor may not throw. Declare it 'noexcept' (f.6).
C:\Users\SKIKK\Desktop\Educations\HKU\Jaar 4\Exchange Uppsala\API Design & Best Practices\Refactor Assignment\ClaudiusBase_Snake\Claudius\Vector2.cpp(8): warning C26432: If you define or delete any default operation in the type 'struct Vector2', define or delete them all (c.21).
C:\Users\SKIKK\Desktop\Educations\HKU\Jaar 4\Exchange Uppsala\API Design & Best Practices\Refactor Assignment\ClaudiusBase_Snake\Claudius\Vector2.cpp(8): warning C26440: Function 'Vector2::Vector2' can be declared 'noexcept' (f.6).
C:\Users\SKIKK\Desktop\Educations\HKU\Jaar 4\Exchange Uppsala\API Design & Best Practices\Refactor Assignment\ClaudiusBase_Snake\Claudius\Vector2.cpp(12): warning C26440: Function 'Vector2::Vector2' can be declared 'noexcept' (f.6).
C:\Users\SKIKK\Desktop\Educations\HKU\Jaar 4\Exchange Uppsala\API Design & Best Practices\Refactor Assignment\ClaudiusBase_Snake\Claudius\Vector2.cpp(16): warning C26440: Function 'Vector2::operator=' can be declared 'noexcept' (f.6).
C:\Users\SKIKK\Desktop\Educations\HKU\Jaar 4\Exchange Uppsala\API Design & Best Practices\Refactor Assignment\ClaudiusBase_Snake\Claudius\Vector2.cpp(53): warning C26440: Function 'Vector2::operator==' can be declared 'noexcept' (f.6).
C:\Users\SKIKK\Desktop\Educations\HKU\Jaar 4\Exchange Uppsala\API Design & Best Practices\Refactor Assignment\ClaudiusBase_Snake\Claudius\Vector2.cpp(70): warning C26440: Function 'Vector2::length' can be declared 'noexcept' (f.6).
C:\Users\SKIKK\Desktop\Educations\HKU\Jaar 4\Exchange Uppsala\API Design & Best Practices\Refactor Assignment\ClaudiusBase_Snake\Claudius\Vector2.cpp(75): warning C26440: Function 'Vector2::length_squared' can be declared 'noexcept' (f.6).
C:\Users\SKIKK\Desktop\Educations\HKU\Jaar 4\Exchange Uppsala\API Design & Best Practices\Refactor Assignment\ClaudiusBase_Snake\Claudius\Vector2.cpp(80): warning C26440: Function 'Vector2::dot' can be declared 'noexcept' (f.6).
C:\Users\SKIKK\Desktop\Educations\HKU\Jaar 4\Exchange Uppsala\API Design & Best Practices\Refactor Assignment\ClaudiusBase_Snake\Claudius\Vector2.cpp(85): warning C26440: Function 'Vector2::cross' can be declared 'noexcept' (f.6).
C:\Users\SKIKK\Desktop\Educations\HKU\Jaar 4\Exchange Uppsala\API Design & Best Practices\Refactor Assignment\ClaudiusBase_Snake\Claudius\Vector2.cpp(92): warning C26496: The variable 'len' does not change after construction, mark it as const (con.4).
